{"C:\\Users\\johna\\Documents\\GitHub\\FoodPrint\\src\\App.tsx": {"path":"C:\\Users\\johna\\Documents\\GitHub\\FoodPrint\\src\\App.tsx","statementMap":{"0":{"start":{"line":11,"column":2},"end":{"line":20,"column":3}}},"fnMap":{"0":{"name":"App","decl":{"start":{"line":9,"column":9},"end":{"line":9,"column":12}},"loc":{"start":{"line":9,"column":15},"end":{"line":21,"column":1}},"line":9}},"branchMap":{},"s":{"0":1},"f":{"0":1},"b":{},"_coverageSchema":"1a1c01bbd47fc00a2c39e90264f33305004495a9","hash":"0c16317f51b4a6645c52f9f260c6beb6a86ea031"}
,"C:\\Users\\johna\\Documents\\GitHub\\FoodPrint\\src\\Layout\\NotFound.tsx": {"path":"C:\\Users\\johna\\Documents\\GitHub\\FoodPrint\\src\\Layout\\NotFound.tsx","statementMap":{"0":{"start":{"line":4,"column":4},"end":{"line":8,"column":6}}},"fnMap":{"0":{"name":"NotFound","decl":{"start":{"line":3,"column":9},"end":{"line":3,"column":17}},"loc":{"start":{"line":3,"column":20},"end":{"line":9,"column":3}},"line":3}},"branchMap":{},"s":{"0":1},"f":{"0":1},"b":{},"_coverageSchema":"1a1c01bbd47fc00a2c39e90264f33305004495a9","hash":"4b8a233b56618d016dd6f00ee75bbc39c657d79b"}
,"C:\\Users\\johna\\Documents\\GitHub\\FoodPrint\\src\\Layout\\Routes.tsx": {"path":"C:\\Users\\johna\\Documents\\GitHub\\FoodPrint\\src\\Layout\\Routes.tsx","statementMap":{"0":{"start":{"line":12,"column":36},"end":{"line":12,"column":59}},"1":{"start":{"line":15,"column":6},"end":{"line":15,"column":30}},"2":{"start":{"line":18,"column":2},"end":{"line":33,"column":3}}},"fnMap":{"0":{"name":"Layout","decl":{"start":{"line":10,"column":9},"end":{"line":10,"column":15}},"loc":{"start":{"line":10,"column":19},"end":{"line":34,"column":1}},"line":10},"1":{"name":"handleClose","decl":{"start":{"line":14,"column":11},"end":{"line":14,"column":22}},"loc":{"start":{"line":14,"column":26},"end":{"line":16,"column":3}},"line":14}},"branchMap":{"0":{"loc":{"start":{"line":25,"column":13},"end":{"line":25,"column":66}},"type":"binary-expr","locations":[{"start":{"line":25,"column":13},"end":{"line":25,"column":22}},{"start":{"line":25,"column":26},"end":{"line":25,"column":66}}],"line":25}},"s":{"0":1,"1":0,"2":1},"f":{"0":1,"1":0},"b":{"0":[1,1]},"_coverageSchema":"1a1c01bbd47fc00a2c39e90264f33305004495a9","hash":"3e8ff38b7041c82f53089f57cc77442382686cba"}
,"C:\\Users\\johna\\Documents\\GitHub\\FoodPrint\\src\\components\\Header\\HeaderButton.tsx": {"path":"C:\\Users\\johna\\Documents\\GitHub\\FoodPrint\\src\\components\\Header\\HeaderButton.tsx","statementMap":{"0":{"start":{"line":3,"column":21},"end":{"line":10,"column":1}},"1":{"start":{"line":5,"column":2},"end":{"line":9,"column":3}}},"fnMap":{"0":{"name":"(anonymous_0)","decl":{"start":{"line":3,"column":21},"end":{"line":3,"column":22}},"loc":{"start":{"line":3,"column":37},"end":{"line":10,"column":1}},"line":3}},"branchMap":{},"s":{"0":2,"1":2},"f":{"0":2},"b":{},"_coverageSchema":"1a1c01bbd47fc00a2c39e90264f33305004495a9","hash":"30e04cb164b37342cbc18d3e575dcb8e375e0c5b"}
,"C:\\Users\\johna\\Documents\\GitHub\\FoodPrint\\src\\components\\Header\\MainHeader.tsx": {"path":"C:\\Users\\johna\\Documents\\GitHub\\FoodPrint\\src\\components\\Header\\MainHeader.tsx","statementMap":{"0":{"start":{"line":7,"column":19},"end":{"line":32,"column":1}},"1":{"start":{"line":8,"column":23},"end":{"line":8,"column":51}},"2":{"start":{"line":9,"column":35},"end":{"line":9,"column":53}},"3":{"start":{"line":10,"column":2},"end":{"line":31,"column":3}}},"fnMap":{"0":{"name":"(anonymous_0)","decl":{"start":{"line":7,"column":19},"end":{"line":7,"column":20}},"loc":{"start":{"line":7,"column":25},"end":{"line":32,"column":1}},"line":7}},"branchMap":{"0":{"loc":{"start":{"line":17,"column":7},"end":{"line":21,"column":7}},"type":"binary-expr","locations":[{"start":{"line":17,"column":7},"end":{"line":17,"column":18}},{"start":{"line":18,"column":8},"end":{"line":20,"column":15}}],"line":17},"1":{"loc":{"start":{"line":23,"column":7},"end":{"line":28,"column":7}},"type":"binary-expr","locations":[{"start":{"line":23,"column":7},"end":{"line":23,"column":17}},{"start":{"line":24,"column":8},"end":{"line":27,"column":11}}],"line":23}},"s":{"0":2,"1":2,"2":2,"3":2},"f":{"0":2},"b":{"0":[2,2],"1":[2,0]},"_coverageSchema":"1a1c01bbd47fc00a2c39e90264f33305004495a9","hash":"f264465588e0ca49c1d738cf381e52ba6dd633ca"}
,"C:\\Users\\johna\\Documents\\GitHub\\FoodPrint\\src\\components\\IngredientList\\Ingredients.tsx": {"path":"C:\\Users\\johna\\Documents\\GitHub\\FoodPrint\\src\\components\\IngredientList\\Ingredients.tsx","statementMap":{"0":{"start":{"line":8,"column":34},"end":{"line":8,"column":74}},"1":{"start":{"line":10,"column":0},"end":{"line":19,"column":3}},"2":{"start":{"line":13,"column":8},"end":{"line":16,"column":13}},"3":{"start":{"line":15,"column":50},"end":{"line":15,"column":83}}},"fnMap":{"0":{"name":"Ingredients","decl":{"start":{"line":7,"column":24},"end":{"line":7,"column":35}},"loc":{"start":{"line":7,"column":39},"end":{"line":20,"column":1}},"line":7},"1":{"name":"(anonymous_1)","decl":{"start":{"line":12,"column":15},"end":{"line":12,"column":16}},"loc":{"start":{"line":13,"column":8},"end":{"line":16,"column":13}},"line":13},"2":{"name":"(anonymous_2)","decl":{"start":{"line":15,"column":44},"end":{"line":15,"column":45}},"loc":{"start":{"line":15,"column":50},"end":{"line":15,"column":83}},"line":15}},"branchMap":{},"s":{"0":10,"1":10,"2":0,"3":0},"f":{"0":10,"1":0,"2":0},"b":{},"_coverageSchema":"1a1c01bbd47fc00a2c39e90264f33305004495a9","hash":"9ba8c1cd01eeebf7d1561c55d58d6debe488db05"}
,"C:\\Users\\johna\\Documents\\GitHub\\FoodPrint\\src\\components\\IngredientList\\IngredientsContainer.tsx": {"path":"C:\\Users\\johna\\Documents\\GitHub\\FoodPrint\\src\\components\\IngredientList\\IngredientsContainer.tsx","statementMap":{"0":{"start":{"line":7,"column":47},"end":{"line":7,"column":67}},"1":{"start":{"line":8,"column":34},"end":{"line":8,"column":74}},"2":{"start":{"line":10,"column":25},"end":{"line":15,"column":4}},"3":{"start":{"line":11,"column":7},"end":{"line":11,"column":30}},"4":{"start":{"line":12,"column":35},"end":{"line":12,"column":63}},"5":{"start":{"line":13,"column":7},"end":{"line":13,"column":104}},"6":{"start":{"line":13,"column":22},"end":{"line":13,"column":28}},"7":{"start":{"line":14,"column":7},"end":{"line":14,"column":28}},"8":{"start":{"line":17,"column":4},"end":{"line":31,"column":5}},"9":{"start":{"line":26,"column":33},"end":{"line":26,"column":71}}},"fnMap":{"0":{"name":"IngredientsContainer","decl":{"start":{"line":6,"column":24},"end":{"line":6,"column":44}},"loc":{"start":{"line":6,"column":48},"end":{"line":32,"column":1}},"line":6},"1":{"name":"(anonymous_1)","decl":{"start":{"line":10,"column":25},"end":{"line":10,"column":26}},"loc":{"start":{"line":10,"column":70},"end":{"line":15,"column":4}},"line":10},"2":{"name":"(anonymous_2)","decl":{"start":{"line":13,"column":17},"end":{"line":13,"column":18}},"loc":{"start":{"line":13,"column":22},"end":{"line":13,"column":28}},"line":13},"3":{"name":"(anonymous_3)","decl":{"start":{"line":26,"column":22},"end":{"line":26,"column":23}},"loc":{"start":{"line":26,"column":33},"end":{"line":26,"column":71}},"line":26}},"branchMap":{"0":{"loc":{"start":{"line":13,"column":7},"end":{"line":13,"column":103}},"type":"cond-expr","locations":[{"start":{"line":13,"column":62},"end":{"line":13,"column":66}},{"start":{"line":13,"column":69},"end":{"line":13,"column":103}}],"line":13}},"s":{"0":10,"1":10,"2":10,"3":1,"4":1,"5":1,"6":0,"7":1,"8":10,"9":5},"f":{"0":10,"1":1,"2":0,"3":5},"b":{"0":[0,1]},"_coverageSchema":"1a1c01bbd47fc00a2c39e90264f33305004495a9","hash":"d64c51529ff8628399b20b301e776f5847d389fc"}
,"C:\\Users\\johna\\Documents\\GitHub\\FoodPrint\\src\\components\\LandingPage\\LandingPagePopup.tsx": {"path":"C:\\Users\\johna\\Documents\\GitHub\\FoodPrint\\src\\components\\LandingPage\\LandingPagePopup.tsx","statementMap":{"0":{"start":{"line":5,"column":57},"end":{"line":31,"column":1}},"1":{"start":{"line":6,"column":56},"end":{"line":6,"column":102}},"2":{"start":{"line":7,"column":33},"end":{"line":7,"column":73}},"3":{"start":{"line":10,"column":4},"end":{"line":10,"column":80}},"4":{"start":{"line":10,"column":24},"end":{"line":10,"column":30}},"5":{"start":{"line":10,"column":54},"end":{"line":10,"column":80}},"6":{"start":{"line":13,"column":4},"end":{"line":13,"column":49}},"7":{"start":{"line":16,"column":32},"end":{"line":18,"column":2}},"8":{"start":{"line":17,"column":4},"end":{"line":17,"column":214}},"9":{"start":{"line":17,"column":85},"end":{"line":17,"column":91}},"10":{"start":{"line":17,"column":167},"end":{"line":17,"column":191}},"11":{"start":{"line":20,"column":0},"end":{"line":29,"column":1}}},"fnMap":{"0":{"name":"(anonymous_0)","decl":{"start":{"line":5,"column":57},"end":{"line":5,"column":58}},"loc":{"start":{"line":5,"column":71},"end":{"line":31,"column":1}},"line":5},"1":{"name":"clickHandler","decl":{"start":{"line":9,"column":9},"end":{"line":9,"column":21}},"loc":{"start":{"line":9,"column":43},"end":{"line":14,"column":1}},"line":9},"2":{"name":"(anonymous_2)","decl":{"start":{"line":10,"column":19},"end":{"line":10,"column":20}},"loc":{"start":{"line":10,"column":24},"end":{"line":10,"column":30}},"line":10},"3":{"name":"(anonymous_3)","decl":{"start":{"line":16,"column":57},"end":{"line":16,"column":58}},"loc":{"start":{"line":17,"column":4},"end":{"line":17,"column":214}},"line":17},"4":{"name":"(anonymous_4)","decl":{"start":{"line":17,"column":80},"end":{"line":17,"column":81}},"loc":{"start":{"line":17,"column":85},"end":{"line":17,"column":91}},"line":17},"5":{"name":"(anonymous_5)","decl":{"start":{"line":17,"column":161},"end":{"line":17,"column":162}},"loc":{"start":{"line":17,"column":167},"end":{"line":17,"column":191}},"line":17}},"branchMap":{"0":{"loc":{"start":{"line":10,"column":4},"end":{"line":10,"column":80}},"type":"if","locations":[{"start":{"line":10,"column":4},"end":{"line":10,"column":80}},{"start":{},"end":{}}],"line":10},"1":{"loc":{"start":{"line":17,"column":70},"end":{"line":17,"column":150}},"type":"cond-expr","locations":[{"start":{"line":17,"column":116},"end":{"line":17,"column":128}},{"start":{"line":17,"column":131},"end":{"line":17,"column":150}}],"line":17}},"s":{"0":2,"1":3,"2":3,"3":0,"4":0,"5":0,"6":0,"7":3,"8":9,"9":0,"10":0,"11":3},"f":{"0":3,"1":0,"2":0,"3":9,"4":0,"5":0},"b":{"0":[0,0],"1":[0,9]},"_coverageSchema":"1a1c01bbd47fc00a2c39e90264f33305004495a9","hash":"9383fb8010f59dd76b94819ad0539983400db205"}
,"C:\\Users\\johna\\Documents\\GitHub\\FoodPrint\\src\\components\\Login\\Login.tsx": {"path":"C:\\Users\\johna\\Documents\\GitHub\\FoodPrint\\src\\components\\Login\\Login.tsx","statementMap":{"0":{"start":{"line":14,"column":4},"end":{"line":14,"column":13}},"1":{"start":{"line":17,"column":14},"end":{"line":88,"column":1}},"2":{"start":{"line":18,"column":28},"end":{"line":18,"column":61}},"3":{"start":{"line":20,"column":2},"end":{"line":32,"column":39}},"4":{"start":{"line":21,"column":4},"end":{"line":31,"column":5}},"5":{"start":{"line":22,"column":5},"end":{"line":25,"column":8}},"6":{"start":{"line":27,"column":6},"end":{"line":30,"column":9}},"7":{"start":{"line":34,"column":23},"end":{"line":46,"column":3}},"8":{"start":{"line":35,"column":4},"end":{"line":45,"column":5}},"9":{"start":{"line":36,"column":6},"end":{"line":39,"column":9}},"10":{"start":{"line":41,"column":6},"end":{"line":44,"column":9}},"11":{"start":{"line":48,"column":26},"end":{"line":52,"column":3}},"12":{"start":{"line":49,"column":4},"end":{"line":51,"column":5}},"13":{"start":{"line":50,"column":6},"end":{"line":50,"column":47}},"14":{"start":{"line":55,"column":4},"end":{"line":60,"column":5}},"15":{"start":{"line":56,"column":6},"end":{"line":59,"column":9}},"16":{"start":{"line":64,"column":6},"end":{"line":69,"column":7}},"17":{"start":{"line":65,"column":8},"end":{"line":68,"column":11}},"18":{"start":{"line":72,"column":32},"end":{"line":74,"column":7}},"19":{"start":{"line":73,"column":8},"end":{"line":73,"column":29}},"20":{"start":{"line":76,"column":2},"end":{"line":87,"column":4}}},"fnMap":{"0":{"name":"(anonymous_0)","decl":{"start":{"line":17,"column":14},"end":{"line":17,"column":15}},"loc":{"start":{"line":17,"column":20},"end":{"line":88,"column":1}},"line":17},"1":{"name":"(anonymous_1)","decl":{"start":{"line":20,"column":12},"end":{"line":20,"column":13}},"loc":{"start":{"line":20,"column":18},"end":{"line":32,"column":3}},"line":20},"2":{"name":"(anonymous_2)","decl":{"start":{"line":34,"column":23},"end":{"line":34,"column":24}},"loc":{"start":{"line":34,"column":29},"end":{"line":46,"column":3}},"line":34},"3":{"name":"(anonymous_3)","decl":{"start":{"line":48,"column":26},"end":{"line":48,"column":27}},"loc":{"start":{"line":48,"column":58},"end":{"line":52,"column":3}},"line":48},"4":{"name":"(anonymous_4)","decl":{"start":{"line":55,"column":4},"end":{"line":55,"column":5}},"loc":{"start":{"line":55,"column":15},"end":{"line":60,"column":5}},"line":55},"5":{"name":"(anonymous_5)","decl":{"start":{"line":64,"column":6},"end":{"line":64,"column":7}},"loc":{"start":{"line":64,"column":17},"end":{"line":69,"column":7}},"line":64},"6":{"name":"(anonymous_6)","decl":{"start":{"line":72,"column":32},"end":{"line":72,"column":33}},"loc":{"start":{"line":72,"column":60},"end":{"line":74,"column":7}},"line":72}},"branchMap":{"0":{"loc":{"start":{"line":21,"column":4},"end":{"line":31,"column":5}},"type":"if","locations":[{"start":{"line":21,"column":4},"end":{"line":31,"column":5}},{"start":{"line":26,"column":11},"end":{"line":31,"column":5}}],"line":21},"1":{"loc":{"start":{"line":21,"column":8},"end":{"line":21,"column":54}},"type":"binary-expr","locations":[{"start":{"line":21,"column":8},"end":{"line":21,"column":29}},{"start":{"line":21,"column":33},"end":{"line":21,"column":54}}],"line":21},"2":{"loc":{"start":{"line":35,"column":4},"end":{"line":45,"column":5}},"type":"if","locations":[{"start":{"line":35,"column":4},"end":{"line":45,"column":5}},{"start":{"line":40,"column":11},"end":{"line":45,"column":5}}],"line":35},"3":{"loc":{"start":{"line":35,"column":8},"end":{"line":35,"column":75}},"type":"binary-expr","locations":[{"start":{"line":35,"column":8},"end":{"line":35,"column":42}},{"start":{"line":35,"column":46},"end":{"line":35,"column":75}}],"line":35},"4":{"loc":{"start":{"line":49,"column":4},"end":{"line":51,"column":5}},"type":"if","locations":[{"start":{"line":49,"column":4},"end":{"line":51,"column":5}},{"start":{},"end":{}}],"line":49},"5":{"loc":{"start":{"line":49,"column":8},"end":{"line":49,"column":50}},"type":"binary-expr","locations":[{"start":{"line":49,"column":8},"end":{"line":49,"column":28}},{"start":{"line":49,"column":32},"end":{"line":49,"column":50}}],"line":49},"6":{"loc":{"start":{"line":50,"column":6},"end":{"line":50,"column":46}},"type":"binary-expr","locations":[{"start":{"line":50,"column":6},"end":{"line":50,"column":28}},{"start":{"line":50,"column":32},"end":{"line":50,"column":46}}],"line":50}},"s":{"0":2,"1":2,"2":4,"3":4,"4":2,"5":0,"6":2,"7":4,"8":0,"9":0,"10":0,"11":4,"12":0,"13":0,"14":4,"15":0,"16":4,"17":0,"18":4,"19":0,"20":4},"f":{"0":4,"1":2,"2":0,"3":0,"4":0,"5":0,"6":0},"b":{"0":[0,2],"1":[2,0],"2":[0,0],"3":[0,0],"4":[0,0],"5":[0,0],"6":[0,0]},"_coverageSchema":"1a1c01bbd47fc00a2c39e90264f33305004495a9","hash":"651a7fa292905435b1717d553f91bef0b15977c8"}
,"C:\\Users\\johna\\Documents\\GitHub\\FoodPrint\\src\\components\\Login\\LoginReducer.ts": {"path":"C:\\Users\\johna\\Documents\\GitHub\\FoodPrint\\src\\components\\Login\\LoginReducer.ts","statementMap":{"0":{"start":{"line":8,"column":4},"end":{"line":8,"column":13}},"1":{"start":{"line":18,"column":34},"end":{"line":24,"column":1}},"2":{"start":{"line":34,"column":16},"end":{"line":69,"column":1}},"3":{"start":{"line":35,"column":2},"end":{"line":68,"column":3}},"4":{"start":{"line":37,"column":6},"end":{"line":40,"column":8}},"5":{"start":{"line":42,"column":6},"end":{"line":45,"column":8}},"6":{"start":{"line":47,"column":6},"end":{"line":50,"column":8}},"7":{"start":{"line":52,"column":6},"end":{"line":56,"column":8}},"8":{"start":{"line":58,"column":6},"end":{"line":62,"column":8}},"9":{"start":{"line":64,"column":6},"end":{"line":67,"column":6}}},"fnMap":{"0":{"name":"(anonymous_0)","decl":{"start":{"line":34,"column":16},"end":{"line":34,"column":17}},"loc":{"start":{"line":34,"column":57},"end":{"line":69,"column":1}},"line":34}},"branchMap":{"0":{"loc":{"start":{"line":35,"column":2},"end":{"line":68,"column":3}},"type":"switch","locations":[{"start":{"line":36,"column":4},"end":{"line":40,"column":8}},{"start":{"line":41,"column":4},"end":{"line":45,"column":8}},{"start":{"line":46,"column":4},"end":{"line":50,"column":8}},{"start":{"line":51,"column":4},"end":{"line":56,"column":8}},{"start":{"line":57,"column":4},"end":{"line":62,"column":8}},{"start":{"line":63,"column":4},"end":{"line":67,"column":6}}],"line":35}},"s":{"0":2,"1":2,"2":2,"3":2,"4":0,"5":0,"6":2,"7":0,"8":0,"9":0},"f":{"0":2},"b":{"0":[0,0,2,0,0,0]},"_coverageSchema":"1a1c01bbd47fc00a2c39e90264f33305004495a9","hash":"616901495d28b4a534586d9741b85efd62aace2d"}
,"C:\\Users\\johna\\Documents\\GitHub\\FoodPrint\\src\\components\\Recipes\\RecipeItem.tsx": {"path":"C:\\Users\\johna\\Documents\\GitHub\\FoodPrint\\src\\components\\Recipes\\RecipeItem.tsx","statementMap":{"0":{"start":{"line":9,"column":80},"end":{"line":34,"column":1}},"1":{"start":{"line":10,"column":19},"end":{"line":10,"column":32}},"2":{"start":{"line":11,"column":26},"end":{"line":11,"column":84}},"3":{"start":{"line":11,"column":32},"end":{"line":11,"column":84}},"4":{"start":{"line":12,"column":23},"end":{"line":12,"column":51}},"5":{"start":{"line":13,"column":24},"end":{"line":13,"column":61}},"6":{"start":{"line":16,"column":16},"end":{"line":16,"column":59}},"7":{"start":{"line":18,"column":3},"end":{"line":18,"column":22}},"8":{"start":{"line":20,"column":3},"end":{"line":20,"column":20}},"9":{"start":{"line":23,"column":2},"end":{"line":33,"column":4}}},"fnMap":{"0":{"name":"(anonymous_0)","decl":{"start":{"line":9,"column":80},"end":{"line":9,"column":81}},"loc":{"start":{"line":9,"column":91},"end":{"line":34,"column":1}},"line":9},"1":{"name":"(anonymous_1)","decl":{"start":{"line":11,"column":26},"end":{"line":11,"column":27}},"loc":{"start":{"line":11,"column":32},"end":{"line":11,"column":84}},"line":11},"2":{"name":"fetchRecipeData","decl":{"start":{"line":15,"column":17},"end":{"line":15,"column":32}},"loc":{"start":{"line":15,"column":36},"end":{"line":21,"column":3}},"line":15}},"branchMap":{},"s":{"0":2,"1":1,"2":1,"3":0,"4":1,"5":1,"6":0,"7":0,"8":0,"9":1},"f":{"0":1,"1":0,"2":0},"b":{},"_coverageSchema":"1a1c01bbd47fc00a2c39e90264f33305004495a9","hash":"41495f07cf39e3d693f4c1e7ab6ddf4bdbe99fef"}
,"C:\\Users\\johna\\Documents\\GitHub\\FoodPrint\\src\\components\\Recipes\\RecipePage.tsx": {"path":"C:\\Users\\johna\\Documents\\GitHub\\FoodPrint\\src\\components\\Recipes\\RecipePage.tsx","statementMap":{"0":{"start":{"line":8,"column":29},"end":{"line":38,"column":1}},"1":{"start":{"line":9,"column":23},"end":{"line":9,"column":51}},"2":{"start":{"line":10,"column":21},"end":{"line":10,"column":50}},"3":{"start":{"line":11,"column":24},"end":{"line":11,"column":61}},"4":{"start":{"line":13,"column":21},"end":{"line":13,"column":32}},"5":{"start":{"line":15,"column":2},"end":{"line":19,"column":15}},"6":{"start":{"line":16,"column":4},"end":{"line":18,"column":5}},"7":{"start":{"line":17,"column":4},"end":{"line":17,"column":68}},"8":{"start":{"line":17,"column":44},"end":{"line":17,"column":67}},"9":{"start":{"line":21,"column":31},"end":{"line":21,"column":65}},"10":{"start":{"line":22,"column":33},"end":{"line":24,"column":4}},"11":{"start":{"line":23,"column":4},"end":{"line":23,"column":46}},"12":{"start":{"line":26,"column":2},"end":{"line":37,"column":3}}},"fnMap":{"0":{"name":"(anonymous_0)","decl":{"start":{"line":8,"column":29},"end":{"line":8,"column":30}},"loc":{"start":{"line":8,"column":35},"end":{"line":38,"column":1}},"line":8},"1":{"name":"(anonymous_1)","decl":{"start":{"line":15,"column":12},"end":{"line":15,"column":13}},"loc":{"start":{"line":15,"column":18},"end":{"line":19,"column":1}},"line":15},"2":{"name":"(anonymous_2)","decl":{"start":{"line":17,"column":30},"end":{"line":17,"column":31}},"loc":{"start":{"line":17,"column":44},"end":{"line":17,"column":67}},"line":17},"3":{"name":"(anonymous_3)","decl":{"start":{"line":22,"column":64},"end":{"line":22,"column":65}},"loc":{"start":{"line":22,"column":81},"end":{"line":24,"column":3}},"line":22}},"branchMap":{"0":{"loc":{"start":{"line":16,"column":4},"end":{"line":18,"column":5}},"type":"if","locations":[{"start":{"line":16,"column":4},"end":{"line":18,"column":5}},{"start":{},"end":{}}],"line":16},"1":{"loc":{"start":{"line":27,"column":4},"end":{"line":36,"column":10}},"type":"binary-expr","locations":[{"start":{"line":27,"column":4},"end":{"line":27,"column":16}},{"start":{"line":28,"column":4},"end":{"line":36,"column":10}}],"line":27}},"s":{"0":2,"1":2,"2":1,"3":1,"4":1,"5":1,"6":1,"7":0,"8":0,"9":1,"10":1,"11":1,"12":1},"f":{"0":2,"1":1,"2":0,"3":1},"b":{"0":[0,1],"1":[1,1]},"_coverageSchema":"1a1c01bbd47fc00a2c39e90264f33305004495a9","hash":"a32098e1e7cd3200ff9745c569a7135ff24a80e3"}
,"C:\\Users\\johna\\Documents\\GitHub\\FoodPrint\\src\\components\\Recipes\\Recipes.tsx": {"path":"C:\\Users\\johna\\Documents\\GitHub\\FoodPrint\\src\\components\\Recipes\\Recipes.tsx","statementMap":{"0":{"start":{"line":11,"column":26},"end":{"line":40,"column":1}},"1":{"start":{"line":13,"column":23},"end":{"line":13,"column":51}},"2":{"start":{"line":14,"column":72},"end":{"line":14,"column":102}},"3":{"start":{"line":15,"column":21},"end":{"line":15,"column":52}},"4":{"start":{"line":16,"column":25},"end":{"line":16,"column":55}},"5":{"start":{"line":19,"column":2},"end":{"line":27,"column":39}},"6":{"start":{"line":20,"column":4},"end":{"line":26,"column":5}},"7":{"start":{"line":22,"column":6},"end":{"line":22,"column":72}},"8":{"start":{"line":25,"column":6},"end":{"line":25,"column":13}},"9":{"start":{"line":29,"column":2},"end":{"line":39,"column":4}},"10":{"start":{"line":34,"column":12},"end":{"line":34,"column":96}}},"fnMap":{"0":{"name":"(anonymous_0)","decl":{"start":{"line":11,"column":26},"end":{"line":11,"column":27}},"loc":{"start":{"line":11,"column":32},"end":{"line":40,"column":1}},"line":11},"1":{"name":"(anonymous_1)","decl":{"start":{"line":19,"column":12},"end":{"line":19,"column":13}},"loc":{"start":{"line":19,"column":18},"end":{"line":27,"column":3}},"line":19},"2":{"name":"(anonymous_2)","decl":{"start":{"line":33,"column":85},"end":{"line":33,"column":86}},"loc":{"start":{"line":34,"column":12},"end":{"line":34,"column":96}},"line":34}},"branchMap":{"0":{"loc":{"start":{"line":20,"column":4},"end":{"line":26,"column":5}},"type":"if","locations":[{"start":{"line":20,"column":4},"end":{"line":26,"column":5}},{"start":{"line":24,"column":11},"end":{"line":26,"column":5}}],"line":20},"1":{"loc":{"start":{"line":33,"column":11},"end":{"line":35,"column":12}},"type":"binary-expr","locations":[{"start":{"line":33,"column":11},"end":{"line":33,"column":50}},{"start":{"line":33,"column":54},"end":{"line":35,"column":12}}],"line":33}},"s":{"0":1,"1":1,"2":1,"3":1,"4":1,"5":1,"6":1,"7":0,"8":1,"9":1,"10":0},"f":{"0":1,"1":1,"2":0},"b":{"0":[0,1],"1":[1,0]},"_coverageSchema":"1a1c01bbd47fc00a2c39e90264f33305004495a9","hash":"1738279bf6002e922cb4d1333f456dfe5e65f720"}
,"C:\\Users\\johna\\Documents\\GitHub\\FoodPrint\\src\\components\\UI\\Card.tsx": {"path":"C:\\Users\\johna\\Documents\\GitHub\\FoodPrint\\src\\components\\UI\\Card.tsx","statementMap":{"0":{"start":{"line":4,"column":42},"end":{"line":6,"column":1}},"1":{"start":{"line":5,"column":2},"end":{"line":5,"column":60}}},"fnMap":{"0":{"name":"(anonymous_0)","decl":{"start":{"line":4,"column":42},"end":{"line":4,"column":43}},"loc":{"start":{"line":4,"column":53},"end":{"line":6,"column":1}},"line":4}},"branchMap":{},"s":{"0":3,"1":6},"f":{"0":6},"b":{},"_coverageSchema":"1a1c01bbd47fc00a2c39e90264f33305004495a9","hash":"34e9f5be5ad2829f8a9022f01136f5f842e514b9"}
,"C:\\Users\\johna\\Documents\\GitHub\\FoodPrint\\src\\models\\ingredients.ts": {"path":"C:\\Users\\johna\\Documents\\GitHub\\FoodPrint\\src\\models\\ingredients.ts","statementMap":{"0":{"start":{"line":8,"column":4},"end":{"line":8,"column":31}},"1":{"start":{"line":9,"column":4},"end":{"line":9,"column":71}}},"fnMap":{"0":{"name":"(anonymous_0)","decl":{"start":{"line":7,"column":2},"end":{"line":7,"column":3}},"loc":{"start":{"line":7,"column":38},"end":{"line":10,"column":3}},"line":7}},"branchMap":{},"s":{"0":0,"1":0},"f":{"0":0},"b":{},"_coverageSchema":"1a1c01bbd47fc00a2c39e90264f33305004495a9","hash":"dd9991777be2eca81840c32cacc47ec1cbc1bd61"}
,"C:\\Users\\johna\\Documents\\GitHub\\FoodPrint\\src\\models\\recipe.ts": {"path":"C:\\Users\\johna\\Documents\\GitHub\\FoodPrint\\src\\models\\recipe.ts","statementMap":{"0":{"start":{"line":10,"column":4},"end":{"line":10,"column":28}},"1":{"start":{"line":11,"column":4},"end":{"line":11,"column":23}},"2":{"start":{"line":12,"column":4},"end":{"line":12,"column":29}}},"fnMap":{"0":{"name":"(anonymous_0)","decl":{"start":{"line":9,"column":2},"end":{"line":9,"column":3}},"loc":{"start":{"line":9,"column":73},"end":{"line":13,"column":3}},"line":9}},"branchMap":{},"s":{"0":0,"1":0,"2":0},"f":{"0":0},"b":{},"_coverageSchema":"1a1c01bbd47fc00a2c39e90264f33305004495a9","hash":"2ca8c85fc746d65316fbda744af8bbb61e156009"}
,"C:\\Users\\johna\\Documents\\GitHub\\FoodPrint\\src\\models\\recipeInfo.ts": {"path":"C:\\Users\\johna\\Documents\\GitHub\\FoodPrint\\src\\models\\recipeInfo.ts","statementMap":{"0":{"start":{"line":41,"column":26},"end":{"line":75,"column":1}}},"fnMap":{},"branchMap":{},"s":{"0":5},"f":{},"b":{},"_coverageSchema":"1a1c01bbd47fc00a2c39e90264f33305004495a9","hash":"698b3b5cb8ac2af18138e57f17b24aa65f3882f2"}
,"C:\\Users\\johna\\Documents\\GitHub\\FoodPrint\\src\\store\\foodprint-context.tsx": {"path":"C:\\Users\\johna\\Documents\\GitHub\\FoodPrint\\src\\store\\foodprint-context.tsx","statementMap":{"0":{"start":{"line":29,"column":32},"end":{"line":50,"column":2}},"1":{"start":{"line":32,"column":37},"end":{"line":32,"column":46}},"2":{"start":{"line":33,"column":28},"end":{"line":33,"column":37}},"3":{"start":{"line":37,"column":33},"end":{"line":37,"column":42}},"4":{"start":{"line":38,"column":22},"end":{"line":38,"column":31}},"5":{"start":{"line":42,"column":27},"end":{"line":42,"column":36}},"6":{"start":{"line":43,"column":25},"end":{"line":43,"column":34}},"7":{"start":{"line":47,"column":20},"end":{"line":47,"column":29}},"8":{"start":{"line":48,"column":50},"end":{"line":48,"column":59}},"9":{"start":{"line":52,"column":43},"end":{"line":137,"column":1}},"10":{"start":{"line":53,"column":40},"end":{"line":53,"column":67}},"11":{"start":{"line":54,"column":32},"end":{"line":54,"column":54}},"12":{"start":{"line":55,"column":38},"end":{"line":55,"column":77}},"13":{"start":{"line":56,"column":38},"end":{"line":56,"column":53}},"14":{"start":{"line":58,"column":2},"end":{"line":64,"column":9}},"15":{"start":{"line":59,"column":42},"end":{"line":59,"column":76}},"16":{"start":{"line":61,"column":4},"end":{"line":63,"column":5}},"17":{"start":{"line":62,"column":6},"end":{"line":62,"column":26}},"18":{"start":{"line":66,"column":27},"end":{"line":71,"column":3}},"19":{"start":{"line":67,"column":22},"end":{"line":67,"column":67}},"20":{"start":{"line":68,"column":4},"end":{"line":70,"column":7}},"21":{"start":{"line":69,"column":6},"end":{"line":69,"column":42}},"22":{"start":{"line":74,"column":28},"end":{"line":76,"column":3}},"23":{"start":{"line":75,"column":4},"end":{"line":75,"column":26}},"24":{"start":{"line":79,"column":31},"end":{"line":85,"column":3}},"25":{"start":{"line":80,"column":26},"end":{"line":80,"column":57}},"26":{"start":{"line":82,"column":4},"end":{"line":84,"column":7}},"27":{"start":{"line":83,"column":6},"end":{"line":83,"column":51}},"28":{"start":{"line":88,"column":34},"end":{"line":92,"column":3}},"29":{"start":{"line":89,"column":4},"end":{"line":91,"column":7}},"30":{"start":{"line":90,"column":6},"end":{"line":90,"column":70}},"31":{"start":{"line":90,"column":44},"end":{"line":90,"column":68}},"32":{"start":{"line":94,"column":33},"end":{"line":96,"column":3}},"33":{"start":{"line":95,"column":4},"end":{"line":95,"column":44}},"34":{"start":{"line":98,"column":24},"end":{"line":101,"column":3}},"35":{"start":{"line":99,"column":4},"end":{"line":99,"column":42}},"36":{"start":{"line":100,"column":4},"end":{"line":100,"column":25}},"37":{"start":{"line":103,"column":23},"end":{"line":106,"column":3}},"38":{"start":{"line":104,"column":4},"end":{"line":104,"column":43}},"39":{"start":{"line":105,"column":4},"end":{"line":105,"column":23}},"40":{"start":{"line":108,"column":53},"end":{"line":129,"column":3}},"41":{"start":{"line":132,"column":2},"end":{"line":136,"column":3}}},"fnMap":{"0":{"name":"(anonymous_0)","decl":{"start":{"line":32,"column":19},"end":{"line":32,"column":20}},"loc":{"start":{"line":32,"column":37},"end":{"line":32,"column":46}},"line":32},"1":{"name":"(anonymous_1)","decl":{"start":{"line":33,"column":22},"end":{"line":33,"column":23}},"loc":{"start":{"line":33,"column":28},"end":{"line":33,"column":37}},"line":33},"2":{"name":"(anonymous_2)","decl":{"start":{"line":37,"column":15},"end":{"line":37,"column":16}},"loc":{"start":{"line":37,"column":33},"end":{"line":37,"column":42}},"line":37},"3":{"name":"(anonymous_3)","decl":{"start":{"line":38,"column":16},"end":{"line":38,"column":17}},"loc":{"start":{"line":38,"column":22},"end":{"line":38,"column":31}},"line":38},"4":{"name":"(anonymous_4)","decl":{"start":{"line":42,"column":21},"end":{"line":42,"column":22}},"loc":{"start":{"line":42,"column":27},"end":{"line":42,"column":36}},"line":42},"5":{"name":"(anonymous_5)","decl":{"start":{"line":43,"column":19},"end":{"line":43,"column":20}},"loc":{"start":{"line":43,"column":25},"end":{"line":43,"column":34}},"line":43},"6":{"name":"(anonymous_6)","decl":{"start":{"line":47,"column":14},"end":{"line":47,"column":15}},"loc":{"start":{"line":47,"column":20},"end":{"line":47,"column":29}},"line":47},"7":{"name":"(anonymous_7)","decl":{"start":{"line":48,"column":13},"end":{"line":48,"column":14}},"loc":{"start":{"line":48,"column":50},"end":{"line":48,"column":59}},"line":48},"8":{"name":"(anonymous_8)","decl":{"start":{"line":52,"column":43},"end":{"line":52,"column":44}},"loc":{"start":{"line":52,"column":54},"end":{"line":137,"column":1}},"line":52},"9":{"name":"(anonymous_9)","decl":{"start":{"line":58,"column":12},"end":{"line":58,"column":13}},"loc":{"start":{"line":58,"column":18},"end":{"line":64,"column":3}},"line":58},"10":{"name":"(anonymous_10)","decl":{"start":{"line":66,"column":27},"end":{"line":66,"column":28}},"loc":{"start":{"line":66,"column":90},"end":{"line":71,"column":3}},"line":66},"11":{"name":"(anonymous_11)","decl":{"start":{"line":68,"column":15},"end":{"line":68,"column":16}},"loc":{"start":{"line":68,"column":31},"end":{"line":70,"column":5}},"line":68},"12":{"name":"(anonymous_12)","decl":{"start":{"line":74,"column":28},"end":{"line":74,"column":29}},"loc":{"start":{"line":74,"column":34},"end":{"line":76,"column":3}},"line":74},"13":{"name":"(anonymous_13)","decl":{"start":{"line":79,"column":31},"end":{"line":79,"column":32}},"loc":{"start":{"line":79,"column":59},"end":{"line":85,"column":3}},"line":79},"14":{"name":"(anonymous_14)","decl":{"start":{"line":82,"column":19},"end":{"line":82,"column":20}},"loc":{"start":{"line":82,"column":40},"end":{"line":84,"column":5}},"line":82},"15":{"name":"(anonymous_15)","decl":{"start":{"line":88,"column":34},"end":{"line":88,"column":35}},"loc":{"start":{"line":88,"column":58},"end":{"line":92,"column":3}},"line":88},"16":{"name":"(anonymous_16)","decl":{"start":{"line":89,"column":19},"end":{"line":89,"column":20}},"loc":{"start":{"line":89,"column":40},"end":{"line":91,"column":5}},"line":89},"17":{"name":"(anonymous_17)","decl":{"start":{"line":90,"column":36},"end":{"line":90,"column":37}},"loc":{"start":{"line":90,"column":44},"end":{"line":90,"column":68}},"line":90},"18":{"name":"(anonymous_18)","decl":{"start":{"line":94,"column":33},"end":{"line":94,"column":34}},"loc":{"start":{"line":94,"column":39},"end":{"line":96,"column":3}},"line":94},"19":{"name":"(anonymous_19)","decl":{"start":{"line":98,"column":24},"end":{"line":98,"column":25}},"loc":{"start":{"line":98,"column":30},"end":{"line":101,"column":3}},"line":98},"20":{"name":"(anonymous_20)","decl":{"start":{"line":103,"column":23},"end":{"line":103,"column":24}},"loc":{"start":{"line":103,"column":29},"end":{"line":106,"column":3}},"line":103}},"branchMap":{"0":{"loc":{"start":{"line":61,"column":4},"end":{"line":63,"column":5}},"type":"if","locations":[{"start":{"line":61,"column":4},"end":{"line":63,"column":5}},{"start":{},"end":{}}],"line":61}},"s":{"0":5,"1":1,"2":0,"3":0,"4":0,"5":0,"6":0,"7":0,"8":0,"9":5,"10":1,"11":1,"12":1,"13":1,"14":1,"15":1,"16":1,"17":0,"18":1,"19":0,"20":0,"21":0,"22":1,"23":0,"24":1,"25":0,"26":0,"27":0,"28":1,"29":0,"30":0,"31":0,"32":1,"33":0,"34":1,"35":0,"36":0,"37":1,"38":0,"39":0,"40":1,"41":1},"f":{"0":1,"1":0,"2":0,"3":0,"4":0,"5":0,"6":0,"7":0,"8":1,"9":1,"10":0,"11":0,"12":0,"13":0,"14":0,"15":0,"16":0,"17":0,"18":0,"19":0,"20":0},"b":{"0":[0,1]},"_coverageSchema":"1a1c01bbd47fc00a2c39e90264f33305004495a9","hash":"12ee977d68faa82ee86e563dc3cbea69957aaadf"}
,"C:\\Users\\johna\\Documents\\GitHub\\FoodPrint\\src\\utils\\AddOnCall.ts": {"path":"C:\\Users\\johna\\Documents\\GitHub\\FoodPrint\\src\\utils\\AddOnCall.ts","statementMap":{"0":{"start":{"line":1,"column":29},"end":{"line":7,"column":1}},"1":{"start":{"line":3,"column":2},"end":{"line":6,"column":3}},"2":{"start":{"line":3,"column":14},"end":{"line":3,"column":15}},"3":{"start":{"line":4,"column":33},"end":{"line":4,"column":44}},"4":{"start":{"line":5,"column":4},"end":{"line":5,"column":31}}},"fnMap":{"0":{"name":"(anonymous_0)","decl":{"start":{"line":1,"column":29},"end":{"line":1,"column":30}},"loc":{"start":{"line":1,"column":170},"end":{"line":7,"column":1}},"line":1}},"branchMap":{},"s":{"0":2,"1":0,"2":0,"3":0,"4":0},"f":{"0":0},"b":{},"_coverageSchema":"1a1c01bbd47fc00a2c39e90264f33305004495a9","hash":"395862aee1c802dc4dbd61ff4aa7412806f696ce"}
,"C:\\Users\\johna\\Documents\\GitHub\\FoodPrint\\src\\utils\\Constants.ts": {"path":"C:\\Users\\johna\\Documents\\GitHub\\FoodPrint\\src\\utils\\Constants.ts","statementMap":{"0":{"start":{"line":1,"column":18},"end":{"line":6,"column":1}}},"fnMap":{},"branchMap":{},"s":{"0":2},"f":{},"b":{},"_coverageSchema":"1a1c01bbd47fc00a2c39e90264f33305004495a9","hash":"83ba309f92cb7eec3e2292712c046bf636078422"}
,"C:\\Users\\johna\\Documents\\GitHub\\FoodPrint\\src\\utils\\Debounce.ts": {"path":"C:\\Users\\johna\\Documents\\GitHub\\FoodPrint\\src\\utils\\Debounce.ts","statementMap":{"0":{"start":{"line":1,"column":24},"end":{"line":11,"column":1}},"1":{"start":{"line":2,"column":23},"end":{"line":5,"column":10}},"2":{"start":{"line":3,"column":4},"end":{"line":3,"column":10}},"3":{"start":{"line":4,"column":4},"end":{"line":4,"column":14}},"4":{"start":{"line":6,"column":2},"end":{"line":6,"column":8}},"5":{"start":{"line":8,"column":2},"end":{"line":10,"column":3}},"6":{"start":{"line":9,"column":4},"end":{"line":9,"column":31}}},"fnMap":{"0":{"name":"(anonymous_0)","decl":{"start":{"line":1,"column":24},"end":{"line":1,"column":25}},"loc":{"start":{"line":1,"column":81},"end":{"line":11,"column":1}},"line":1},"1":{"name":"(anonymous_1)","decl":{"start":{"line":2,"column":34},"end":{"line":2,"column":35}},"loc":{"start":{"line":2,"column":40},"end":{"line":5,"column":3}},"line":2},"2":{"name":"(anonymous_2)","decl":{"start":{"line":8,"column":9},"end":{"line":8,"column":10}},"loc":{"start":{"line":8,"column":15},"end":{"line":10,"column":3}},"line":8}},"branchMap":{},"s":{"0":1,"1":0,"2":0,"3":0,"4":0,"5":0,"6":0},"f":{"0":0,"1":0,"2":0},"b":{},"_coverageSchema":"1a1c01bbd47fc00a2c39e90264f33305004495a9","hash":"5e4d68011f5db2bc8b6ba870af339b12f56a34cb"}
,"C:\\Users\\johna\\Documents\\GitHub\\FoodPrint\\src\\utils\\SpoonacularRequests.ts": {"path":"C:\\Users\\johna\\Documents\\GitHub\\FoodPrint\\src\\utils\\SpoonacularRequests.ts","statementMap":{"0":{"start":{"line":7,"column":16},"end":{"line":7,"column":29}},"1":{"start":{"line":8,"column":0},"end":{"line":8,"column":51}},"2":{"start":{"line":12,"column":25},"end":{"line":31,"column":1}},"3":{"start":{"line":13,"column":27},"end":{"line":25,"column":3}},"4":{"start":{"line":15,"column":23},"end":{"line":15,"column":25}},"5":{"start":{"line":16,"column":4},"end":{"line":23,"column":5}},"6":{"start":{"line":16,"column":16},"end":{"line":16,"column":17}},"7":{"start":{"line":17,"column":6},"end":{"line":22,"column":7}},"8":{"start":{"line":18,"column":8},"end":{"line":18,"column":55}},"9":{"start":{"line":20,"column":8},"end":{"line":20,"column":44}},"10":{"start":{"line":21,"column":8},"end":{"line":21,"column":14}},"11":{"start":{"line":24,"column":4},"end":{"line":24,"column":24}},"12":{"start":{"line":26,"column":15},"end":{"line":26,"column":171}},"13":{"start":{"line":28,"column":19},"end":{"line":28,"column":36}},"14":{"start":{"line":30,"column":2},"end":{"line":30,"column":40}},"15":{"start":{"line":33,"column":26},"end":{"line":44,"column":1}},"16":{"start":{"line":34,"column":14},"end":{"line":34,"column":138}},"17":{"start":{"line":35,"column":18},"end":{"line":37,"column":3}},"18":{"start":{"line":39,"column":21},"end":{"line":39,"column":46}},"19":{"start":{"line":41,"column":25},"end":{"line":41,"column":48}},"20":{"start":{"line":43,"column":2},"end":{"line":43,"column":23}}},"fnMap":{"0":{"name":"(anonymous_0)","decl":{"start":{"line":12,"column":25},"end":{"line":12,"column":26}},"loc":{"start":{"line":12,"column":115},"end":{"line":31,"column":1}},"line":12},"1":{"name":"(anonymous_1)","decl":{"start":{"line":13,"column":27},"end":{"line":13,"column":28}},"loc":{"start":{"line":13,"column":49},"end":{"line":25,"column":3}},"line":13},"2":{"name":"(anonymous_2)","decl":{"start":{"line":33,"column":26},"end":{"line":33,"column":27}},"loc":{"start":{"line":33,"column":53},"end":{"line":44,"column":1}},"line":33}},"branchMap":{"0":{"loc":{"start":{"line":17,"column":6},"end":{"line":22,"column":7}},"type":"if","locations":[{"start":{"line":17,"column":6},"end":{"line":22,"column":7}},{"start":{"line":19,"column":13},"end":{"line":22,"column":7}}],"line":17}},"s":{"0":2,"1":2,"2":2,"3":0,"4":0,"5":0,"6":0,"7":0,"8":0,"9":0,"10":0,"11":0,"12":0,"13":0,"14":0,"15":2,"16":0,"17":0,"18":0,"19":0,"20":0},"f":{"0":0,"1":0,"2":0},"b":{"0":[0,0]},"_coverageSchema":"1a1c01bbd47fc00a2c39e90264f33305004495a9","hash":"8b89b106204ffcf1e380e1c469e5c32f32ded0ff"}
}
