TN:
SF:src\App.tsx
FN:9,App
FNF:1
FNH:1
FNDA:1,App
DA:11,1
LF:1
LH:1
BRF:0
BRH:0
end_of_record
TN:
SF:src\Layout\NotFound.tsx
FN:3,NotFound
FNF:1
FNH:1
FNDA:1,NotFound
DA:4,1
LF:1
LH:1
BRF:0
BRH:0
end_of_record
TN:
SF:src\Layout\Routes.tsx
FN:10,Layout
FN:14,handleClose
FNF:2
FNH:1
FNDA:1,Layout
FNDA:0,handleClose
DA:12,1
DA:15,0
DA:18,1
LF:3
LH:2
BRDA:25,0,0,1
BRDA:25,0,1,1
BRF:2
BRH:2
end_of_record
TN:
SF:src\components\Header\HeaderButton.tsx
FN:3,(anonymous_0)
FNF:1
FNH:1
FNDA:2,(anonymous_0)
DA:3,2
DA:5,2
LF:2
LH:2
BRF:0
BRH:0
end_of_record
TN:
SF:src\components\Header\MainHeader.tsx
FN:7,(anonymous_0)
FNF:1
FNH:1
FNDA:2,(anonymous_0)
DA:7,2
DA:8,2
DA:9,2
DA:10,2
LF:4
LH:4
BRDA:17,0,0,2
BRDA:17,0,1,2
BRDA:23,1,0,2
BRDA:23,1,1,0
BRF:4
BRH:3
end_of_record
TN:
SF:src\components\IngredientList\Ingredients.tsx
FN:7,Ingredients
FN:12,(anonymous_1)
FN:15,(anonymous_2)
FNF:3
FNH:1
FNDA:10,Ingredients
FNDA:0,(anonymous_1)
FNDA:0,(anonymous_2)
DA:8,10
DA:10,10
DA:13,0
DA:15,0
LF:4
LH:2
BRF:0
BRH:0
end_of_record
TN:
SF:src\components\IngredientList\IngredientsContainer.tsx
FN:6,IngredientsContainer
FN:10,(anonymous_1)
FN:13,(anonymous_2)
FN:26,(anonymous_3)
FNF:4
FNH:3
FNDA:10,IngredientsContainer
FNDA:1,(anonymous_1)
FNDA:0,(anonymous_2)
FNDA:5,(anonymous_3)
DA:7,10
DA:8,10
DA:10,10
DA:11,1
DA:12,1
DA:13,1
DA:14,1
DA:17,10
DA:26,5
LF:9
LH:9
BRDA:13,0,0,0
BRDA:13,0,1,1
BRF:2
BRH:1
end_of_record
TN:
SF:src\components\LandingPage\LandingPagePopup.tsx
FN:5,(anonymous_0)
FN:9,clickHandler
FN:10,(anonymous_2)
FN:16,(anonymous_3)
FN:17,(anonymous_4)
FN:17,(anonymous_5)
FNF:6
FNH:2
FNDA:3,(anonymous_0)
FNDA:0,clickHandler
FNDA:0,(anonymous_2)
FNDA:9,(anonymous_3)
FNDA:0,(anonymous_4)
FNDA:0,(anonymous_5)
DA:5,2
DA:6,3
DA:7,3
DA:10,0
DA:13,0
DA:16,3
DA:17,9
DA:20,3
LF:8
LH:6
BRDA:10,0,0,0
BRDA:10,0,1,0
BRDA:17,1,0,0
BRDA:17,1,1,9
BRF:4
BRH:1
end_of_record
TN:
SF:src\components\Login\Login.tsx
FN:17,(anonymous_0)
FN:20,(anonymous_1)
FN:34,(anonymous_2)
FN:48,(anonymous_3)
FN:55,(anonymous_4)
FN:64,(anonymous_5)
FN:72,(anonymous_6)
FNF:7
FNH:2
FNDA:4,(anonymous_0)
FNDA:2,(anonymous_1)
FNDA:0,(anonymous_2)
FNDA:0,(anonymous_3)
FNDA:0,(anonymous_4)
FNDA:0,(anonymous_5)
FNDA:0,(anonymous_6)
DA:14,2
DA:17,2
DA:18,4
DA:20,4
DA:21,2
DA:22,0
DA:27,2
DA:34,4
DA:35,0
DA:36,0
DA:41,0
DA:48,4
DA:49,0
DA:50,0
DA:55,4
DA:56,0
DA:64,4
DA:65,0
DA:72,4
DA:73,0
DA:76,4
LF:21
LH:12
BRDA:21,0,0,0
BRDA:21,0,1,2
BRDA:21,1,0,2
BRDA:21,1,1,0
BRDA:35,2,0,0
BRDA:35,2,1,0
BRDA:35,3,0,0
BRDA:35,3,1,0
BRDA:49,4,0,0
BRDA:49,4,1,0
BRDA:49,5,0,0
BRDA:49,5,1,0
BRDA:50,6,0,0
BRDA:50,6,1,0
BRF:14
BRH:2
end_of_record
TN:
SF:src\components\Login\LoginReducer.ts
FN:34,(anonymous_0)
FNF:1
FNH:1
FNDA:2,(anonymous_0)
DA:8,2
DA:18,2
DA:34,2
DA:35,2
DA:37,0
DA:42,0
DA:47,2
DA:52,0
DA:58,0
DA:64,0
LF:10
LH:5
BRDA:35,0,0,0
BRDA:35,0,1,0
BRDA:35,0,2,2
BRDA:35,0,3,0
BRDA:35,0,4,0
BRDA:35,0,5,0
BRF:6
BRH:1
end_of_record
TN:
SF:src\components\Recipes\RecipeItem.tsx
FN:9,(anonymous_0)
FN:11,(anonymous_1)
FN:15,fetchRecipeData
FNF:3
FNH:1
FNDA:1,(anonymous_0)
FNDA:0,(anonymous_1)
FNDA:0,fetchRecipeData
DA:9,2
DA:10,1
DA:11,1
DA:12,1
DA:13,1
DA:16,0
DA:18,0
DA:20,0
DA:23,1
LF:9
LH:6
BRF:0
BRH:0
end_of_record
TN:
SF:src\components\Recipes\RecipePage.tsx
FN:8,(anonymous_0)
FN:15,(anonymous_1)
FN:17,(anonymous_2)
FN:22,(anonymous_3)
FNF:4
FNH:3
FNDA:2,(anonymous_0)
FNDA:1,(anonymous_1)
FNDA:0,(anonymous_2)
FNDA:1,(anonymous_3)
DA:8,2
DA:9,2
DA:10,1
DA:11,1
DA:13,1
DA:15,1
DA:16,1
DA:17,0
DA:21,1
DA:22,1
DA:23,1
DA:26,1
LF:12
LH:11
BRDA:16,0,0,0
BRDA:16,0,1,1
BRDA:27,1,0,1
BRDA:27,1,1,1
BRF:4
BRH:3
end_of_record
TN:
SF:src\components\Recipes\Recipes.tsx
FN:11,(anonymous_0)
FN:19,(anonymous_1)
FN:33,(anonymous_2)
FNF:3
FNH:2
FNDA:1,(anonymous_0)
FNDA:1,(anonymous_1)
FNDA:0,(anonymous_2)
DA:11,1
DA:13,1
DA:14,1
DA:15,1
DA:16,1
DA:19,1
DA:20,1
DA:22,0
DA:25,1
DA:29,1
DA:34,0
LF:11
LH:9
BRDA:20,0,0,0
BRDA:20,0,1,1
BRDA:33,1,0,1
BRDA:33,1,1,0
BRF:4
BRH:2
end_of_record
TN:
SF:src\components\UI\Card.tsx
FN:4,(anonymous_0)
FNF:1
FNH:1
FNDA:6,(anonymous_0)
DA:4,3
DA:5,6
LF:2
LH:2
BRF:0
BRH:0
end_of_record
TN:
SF:src\models\ingredients.ts
FN:7,(anonymous_0)
FNF:1
FNH:0
FNDA:0,(anonymous_0)
DA:8,0
DA:9,0
LF:2
LH:0
BRF:0
BRH:0
end_of_record
TN:
SF:src\models\recipe.ts
FN:9,(anonymous_0)
FNF:1
FNH:0
FNDA:0,(anonymous_0)
DA:10,0
DA:11,0
DA:12,0
LF:3
LH:0
BRF:0
BRH:0
end_of_record
TN:
SF:src\models\recipeInfo.ts
FNF:0
FNH:0
DA:41,5
LF:1
LH:1
BRF:0
BRH:0
end_of_record
TN:
SF:src\store\foodprint-context.tsx
FN:32,(anonymous_0)
FN:33,(anonymous_1)
FN:37,(anonymous_2)
FN:38,(anonymous_3)
FN:42,(anonymous_4)
FN:43,(anonymous_5)
FN:47,(anonymous_6)
FN:48,(anonymous_7)
FN:52,(anonymous_8)
FN:58,(anonymous_9)
FN:66,(anonymous_10)
FN:68,(anonymous_11)
FN:74,(anonymous_12)
FN:79,(anonymous_13)
FN:82,(anonymous_14)
FN:88,(anonymous_15)
FN:89,(anonymous_16)
FN:90,(anonymous_17)
FN:94,(anonymous_18)
FN:98,(anonymous_19)
FN:103,(anonymous_20)
FNF:21
FNH:3
FNDA:1,(anonymous_0)
FNDA:0,(anonymous_1)
FNDA:0,(anonymous_2)
FNDA:0,(anonymous_3)
FNDA:0,(anonymous_4)
FNDA:0,(anonymous_5)
FNDA:0,(anonymous_6)
FNDA:0,(anonymous_7)
FNDA:1,(anonymous_8)
FNDA:1,(anonymous_9)
FNDA:0,(anonymous_10)
FNDA:0,(anonymous_11)
FNDA:0,(anonymous_12)
FNDA:0,(anonymous_13)
FNDA:0,(anonymous_14)
FNDA:0,(anonymous_15)
FNDA:0,(anonymous_16)
FNDA:0,(anonymous_17)
FNDA:0,(anonymous_18)
FNDA:0,(anonymous_19)
FNDA:0,(anonymous_20)
DA:29,5
DA:32,1
DA:33,0
DA:37,0
DA:38,0
DA:42,0
DA:43,0
DA:47,0
DA:48,0
DA:52,5
DA:53,1
DA:54,1
DA:55,1
DA:56,1
DA:58,1
DA:59,1
DA:61,1
DA:62,0
DA:66,1
DA:67,0
DA:68,0
DA:69,0
DA:74,1
DA:75,0
DA:79,1
DA:80,0
DA:82,0
DA:83,0
DA:88,1
DA:89,0
DA:90,0
DA:94,1
DA:95,0
DA:98,1
DA:99,0
DA:100,0
DA:103,1
DA:104,0
DA:105,0
DA:108,1
DA:132,1
LF:41
LH:19
BRDA:61,0,0,0
BRDA:61,0,1,1
BRF:2
BRH:1
end_of_record
TN:
SF:src\utils\AddOnCall.ts
FN:1,(anonymous_0)
FNF:1
FNH:0
FNDA:0,(anonymous_0)
DA:1,2
DA:3,0
DA:4,0
DA:5,0
LF:4
LH:1
BRF:0
BRH:0
end_of_record
TN:
SF:src\utils\Constants.ts
FNF:0
FNH:0
DA:1,2
LF:1
LH:1
BRF:0
BRH:0
end_of_record
TN:
SF:src\utils\Debounce.ts
FN:1,(anonymous_0)
FN:2,(anonymous_1)
FN:8,(anonymous_2)
FNF:3
FNH:0
FNDA:0,(anonymous_0)
FNDA:0,(anonymous_1)
FNDA:0,(anonymous_2)
DA:1,1
DA:2,0
DA:3,0
DA:4,0
DA:6,0
DA:8,0
DA:9,0
LF:7
LH:1
BRF:0
BRH:0
end_of_record
TN:
SF:src\utils\SpoonacularRequests.ts
FN:12,(anonymous_0)
FN:13,(anonymous_1)
FN:33,(anonymous_2)
FNF:3
FNH:0
FNDA:0,(anonymous_0)
FNDA:0,(anonymous_1)
FNDA:0,(anonymous_2)
DA:7,2
DA:8,2
DA:12,2
DA:13,0
DA:15,0
DA:16,0
DA:17,0
DA:18,0
DA:20,0
DA:21,0
DA:24,0
DA:26,0
DA:28,0
DA:30,0
DA:33,2
DA:34,0
DA:35,0
DA:39,0
DA:41,0
DA:43,0
LF:20
LH:4
BRDA:17,0,0,0
BRDA:17,0,1,0
BRF:2
BRH:0
end_of_record
